<?xml version="1.0" encoding="UTF-8"?>
<!-- Generated by org.testng.reporters.JUnitReportReporter -->
<testsuite hostname="JagadeeshK" failures="0" tests="6" name="com.CucumberProjecct.TestCase1" time="15.206" errors="0" timestamp="2021-09-30T09:02:04 IST" skipped="0">
  <testcase classname="com.CucumberProjecct.TestCase1" name="Url" time="2.621"/>
  <system-out/>
  <testcase classname="com.CucumberProjecct.TestCase1" name="Sign_In" time="1.124"/>
  <system-out/>
  <testcase classname="com.CucumberProjecct.TestCase1" name="searchRoom" time="2.198"/>
  <system-out/>
  <testcase classname="com.CucumberProjecct.TestCase1" name="Hotel" time="0.694"/>
  <system-out/>
  <testcase classname="com.CucumberProjecct.TestCase1" name="BookHotel" time="5.800"/>
  <system-out/>
  <testcase classname="com.CucumberProjecct.TestCase1" name="logout" time="2.769"/>
  <system-out/>
</testsuite> <!-- com.CucumberProjecct.TestCase1 -->
