<?xml version="1.0" encoding="UTF-8"?>
<!-- Generated by org.testng.reporters.JUnitReportReporter -->
<testsuite hostname="JagadeeshK" failures="0" tests="6" name="com.TestNGProjecct.TestCase1" time="19.765" errors="0" timestamp="2021-10-11T04:50:25 IST" skipped="0">
  <testcase classname="com.TestNGProjecct.TestCase1" name="Url" time="4.886"/>
  <system-out/>
  <testcase classname="com.TestNGProjecct.TestCase1" name="Sign_In" time="1.676"/>
  <system-out/>
  <testcase classname="com.TestNGProjecct.TestCase1" name="searchRoom" time="1.826"/>
  <system-out/>
  <testcase classname="com.TestNGProjecct.TestCase1" name="hotel" time="1.049"/>
  <system-out/>
  <testcase classname="com.TestNGProjecct.TestCase1" name="bookHotel" time="5.801"/>
  <system-out/>
  <testcase classname="com.TestNGProjecct.TestCase1" name="logout" time="4.527"/>
  <system-out/>
</testsuite> <!-- com.TestNGProjecct.TestCase1 -->
